/home/comparendos/venv/lib/python3.10/site-packages/urllib3/connectionpool.py:1097: InsecureRequestWarning: Unverified HTTPS request is being made to host 'serviciosdigitales.movilidadavanzadabello.com.co'. Adding certificate verification is strongly advised. See: https://urllib3.readthedocs.io/en/latest/advanced-usage.html#tls-warnings
  warnings.warn(
/home/comparendos/venv/lib/python3.10/site-packages/urllib3/connectionpool.py:1097: InsecureRequestWarning: Unverified HTTPS request is being made to host 'serviciosdigitales.movilidadavanzadabello.com.co'. Adding certificate verification is strongly advised. See: https://urllib3.readthedocs.io/en/latest/advanced-usage.html#tls-warnings
  warnings.warn(
/home/comparendos/venv/lib/python3.10/site-packages/urllib3/connectionpool.py:1097: InsecureRequestWarning: Unverified HTTPS request is being made to host 'serviciosdigitales.movilidadavanzadabello.com.co'. Adding certificate verification is strongly advised. See: https://urllib3.readthedocs.io/en/latest/advanced-usage.html#tls-warnings
  warnings.warn(
/home/comparendos/venv/lib/python3.10/site-packages/urllib3/connectionpool.py:1097: InsecureRequestWarning: Unverified HTTPS request is being made to host 'serviciosdigitales.movilidadavanzadabello.com.co'. Adding certificate verification is strongly advised. See: https://urllib3.readthedocs.io/en/latest/advanced-usage.html#tls-warnings
  warnings.warn(
/home/comparendos/venv/lib/python3.10/site-packages/urllib3/connectionpool.py:1097: InsecureRequestWarning: Unverified HTTPS request is being made to host 'serviciosdigitales.movilidadavanzadabello.com.co'. Adding certificate verification is strongly advised. See: https://urllib3.readthedocs.io/en/latest/advanced-usage.html#tls-warnings
  warnings.warn(
/home/comparendos/venv/lib/python3.10/site-packages/urllib3/connectionpool.py:1097: InsecureRequestWarning: Unverified HTTPS request is being made to host 'serviciosdigitales.movilidadavanzadabello.com.co'. Adding certificate verification is strongly advised. See: https://urllib3.readthedocs.io/en/latest/advanced-usage.html#tls-warnings
  warnings.warn(
/home/comparendos/venv/lib/python3.10/site-packages/urllib3/connectionpool.py:1097: InsecureRequestWarning: Unverified HTTPS request is being made to host 'serviciosdigitales.movilidadavanzadabello.com.co'. Adding certificate verification is strongly advised. See: https://urllib3.readthedocs.io/en/latest/advanced-usage.html#tls-warnings
  warnings.warn(
/home/comparendos/venv/lib/python3.10/site-packages/urllib3/connectionpool.py:1097: InsecureRequestWarning: Unverified HTTPS request is being made to host 'serviciosdigitales.movilidadavanzadabello.com.co'. Adding certificate verification is strongly advised. See: https://urllib3.readthedocs.io/en/latest/advanced-usage.html#tls-warnings
  warnings.warn(
/home/comparendos/venv/lib/python3.10/site-packages/urllib3/connectionpool.py:1097: InsecureRequestWarning: Unverified HTTPS request is being made to host 'serviciosdigitales.movilidadavanzadabello.com.co'. Adding certificate verification is strongly advised. See: https://urllib3.readthedocs.io/en/latest/advanced-usage.html#tls-warnings
  warnings.warn(
/home/comparendos/venv/lib/python3.10/site-packages/urllib3/connectionpool.py:1097: InsecureRequestWarning: Unverified HTTPS request is being made to host 'serviciosdigitales.movilidadavanzadabello.com.co'. Adding certificate verification is strongly advised. See: https://urllib3.readthedocs.io/en/latest/advanced-usage.html#tls-warnings
  warnings.warn(
/home/comparendos/venv/lib/python3.10/site-packages/urllib3/connectionpool.py:1097: InsecureRequestWarning: Unverified HTTPS request is being made to host 'serviciosdigitales.movilidadavanzadabello.com.co'. Adding certificate verification is strongly advised. See: https://urllib3.readthedocs.io/en/latest/advanced-usage.html#tls-warnings
  warnings.warn(
/home/comparendos/venv/lib/python3.10/site-packages/urllib3/connectionpool.py:1097: InsecureRequestWarning: Unverified HTTPS request is being made to host 'serviciosdigitales.movilidadavanzadabello.com.co'. Adding certificate verification is strongly advised. See: https://urllib3.readthedocs.io/en/latest/advanced-usage.html#tls-warnings
  warnings.warn(
/home/comparendos/venv/lib/python3.10/site-packages/urllib3/connectionpool.py:1097: InsecureRequestWarning: Unverified HTTPS request is being made to host 'serviciosdigitales.movilidadavanzadabello.com.co'. Adding certificate verification is strongly advised. See: https://urllib3.readthedocs.io/en/latest/advanced-usage.html#tls-warnings
  warnings.warn(
/home/comparendos/venv/lib/python3.10/site-packages/urllib3/connectionpool.py:1097: InsecureRequestWarning: Unverified HTTPS request is being made to host 'serviciosdigitales.movilidadavanzadabello.com.co'. Adding certificate verification is strongly advised. See: https://urllib3.readthedocs.io/en/latest/advanced-usage.html#tls-warnings
  warnings.warn(
/home/comparendos/venv/lib/python3.10/site-packages/urllib3/connectionpool.py:1097: InsecureRequestWarning: Unverified HTTPS request is being made to host 'serviciosdigitales.movilidadavanzadabello.com.co'. Adding certificate verification is strongly advised. See: https://urllib3.readthedocs.io/en/latest/advanced-usage.html#tls-warnings
  warnings.warn(
/home/comparendos/venv/lib/python3.10/site-packages/urllib3/connectionpool.py:1097: InsecureRequestWarning: Unverified HTTPS request is being made to host 'serviciosdigitales.movilidadavanzadabello.com.co'. Adding certificate verification is strongly advised. See: https://urllib3.readthedocs.io/en/latest/advanced-usage.html#tls-warnings
  warnings.warn(
/home/comparendos/venv/lib/python3.10/site-packages/urllib3/connectionpool.py:1097: InsecureRequestWarning: Unverified HTTPS request is being made to host 'serviciosdigitales.movilidadavanzadabello.com.co'. Adding certificate verification is strongly advised. See: https://urllib3.readthedocs.io/en/latest/advanced-usage.html#tls-warnings
  warnings.warn(
/home/comparendos/venv/lib/python3.10/site-packages/urllib3/connectionpool.py:1097: InsecureRequestWarning: Unverified HTTPS request is being made to host 'serviciosdigitales.movilidadavanzadabello.com.co'. Adding certificate verification is strongly advised. See: https://urllib3.readthedocs.io/en/latest/advanced-usage.html#tls-warnings
  warnings.warn(
/home/comparendos/venv/lib/python3.10/site-packages/urllib3/connectionpool.py:1097: InsecureRequestWarning: Unverified HTTPS request is being made to host 'serviciosdigitales.movilidadavanzadabello.com.co'. Adding certificate verification is strongly advised. See: https://urllib3.readthedocs.io/en/latest/advanced-usage.html#tls-warnings
  warnings.warn(
/home/comparendos/venv/lib/python3.10/site-packages/urllib3/connectionpool.py:1097: InsecureRequestWarning: Unverified HTTPS request is being made to host 'serviciosdigitales.movilidadavanzadabello.com.co'. Adding certificate verification is strongly advised. See: https://urllib3.readthedocs.io/en/latest/advanced-usage.html#tls-warnings
  warnings.warn(
/home/comparendos/venv/lib/python3.10/site-packages/urllib3/connectionpool.py:1097: InsecureRequestWarning: Unverified HTTPS request is being made to host 'serviciosdigitales.movilidadavanzadabello.com.co'. Adding certificate verification is strongly advised. See: https://urllib3.readthedocs.io/en/latest/advanced-usage.html#tls-warnings
  warnings.warn(
/home/comparendos/venv/lib/python3.10/site-packages/urllib3/connectionpool.py:1097: InsecureRequestWarning: Unverified HTTPS request is being made to host 'serviciosdigitales.movilidadavanzadabello.com.co'. Adding certificate verification is strongly advised. See: https://urllib3.readthedocs.io/en/latest/advanced-usage.html#tls-warnings
  warnings.warn(
/home/comparendos/venv/lib/python3.10/site-packages/urllib3/connectionpool.py:1097: InsecureRequestWarning: Unverified HTTPS request is being made to host 'serviciosdigitales.movilidadavanzadabello.com.co'. Adding certificate verification is strongly advised. See: https://urllib3.readthedocs.io/en/latest/advanced-usage.html#tls-warnings
  warnings.warn(
/home/comparendos/venv/lib/python3.10/site-packages/urllib3/connectionpool.py:1097: InsecureRequestWarning: Unverified HTTPS request is being made to host 'serviciosdigitales.movilidadavanzadabello.com.co'. Adding certificate verification is strongly advised. See: https://urllib3.readthedocs.io/en/latest/advanced-usage.html#tls-warnings
  warnings.warn(
/home/comparendos/venv/lib/python3.10/site-packages/urllib3/connectionpool.py:1097: InsecureRequestWarning: Unverified HTTPS request is being made to host 'serviciosdigitales.movilidadavanzadabello.com.co'. Adding certificate verification is strongly advised. See: https://urllib3.readthedocs.io/en/latest/advanced-usage.html#tls-warnings
  warnings.warn(
/home/comparendos/venv/lib/python3.10/site-packages/urllib3/connectionpool.py:1097: InsecureRequestWarning: Unverified HTTPS request is being made to host 'serviciosdigitales.movilidadavanzadabello.com.co'. Adding certificate verification is strongly advised. See: https://urllib3.readthedocs.io/en/latest/advanced-usage.html#tls-warnings
  warnings.warn(
/home/comparendos/venv/lib/python3.10/site-packages/urllib3/connectionpool.py:1097: InsecureRequestWarning: Unverified HTTPS request is being made to host 'serviciosdigitales.movilidadavanzadabello.com.co'. Adding certificate verification is strongly advised. See: https://urllib3.readthedocs.io/en/latest/advanced-usage.html#tls-warnings
  warnings.warn(
/home/comparendos/venv/lib/python3.10/site-packages/urllib3/connectionpool.py:1097: InsecureRequestWarning: Unverified HTTPS request is being made to host 'serviciosdigitales.movilidadavanzadabello.com.co'. Adding certificate verification is strongly advised. See: https://urllib3.readthedocs.io/en/latest/advanced-usage.html#tls-warnings
  warnings.warn(
/home/comparendos/venv/lib/python3.10/site-packages/urllib3/connectionpool.py:1097: InsecureRequestWarning: Unverified HTTPS request is being made to host 'serviciosdigitales.movilidadavanzadabello.com.co'. Adding certificate verification is strongly advised. See: https://urllib3.readthedocs.io/en/latest/advanced-usage.html#tls-warnings
  warnings.warn(
/home/comparendos/venv/lib/python3.10/site-packages/urllib3/connectionpool.py:1097: InsecureRequestWarning: Unverified HTTPS request is being made to host 'serviciosdigitales.movilidadavanzadabello.com.co'. Adding certificate verification is strongly advised. See: https://urllib3.readthedocs.io/en/latest/advanced-usage.html#tls-warnings
  warnings.warn(
Inicio del proceso: [2025-09-26 05:00:04]
[2025-09-26 05:04:55] Enviando 8 templates para el bloque (process_template_id: jh3VVCEBjUHZ)
Payload para el envío jh3VVCEBjUHZ:
{
  "users": [
    {
      "phone": "+573128298716",
      "parameters": [
        {
          "order": 0,
          "parameter": "ITAGUI"
        },
        {
          "order": 1,
          "parameter": "2025-06-03"
        },
        {
          "order": 2,
          "parameter": "NNU452"
        },
        {
          "order": 3,
          "parameter": "C14"
        },
        {
          "order": 4,
          "parameter": "Transitar por los siguientes sitios restringidos o en horas prohibidas por la autoridad competente.  Además, el vehículo será inmovilizado"
        }
      ]
    },
    {
      "phone": "+573154781064",
      "parameters": [
        {
          "order": 0,
          "parameter": "MEDELLIN"
        },
        {
          "order": 1,
          "parameter": "2025-08-27"
        },
        {
          "order": 2,
          "parameter": "MSO948"
        },
        {
          "order": 3,
          "parameter": "C14"
        },
        {
          "order": 4,
          "parameter": "Transitar por sitios restringidos o en horas prohibidas por la autoridad competente. Además, el vehículo será inmovilizado"
        }
      ]
    },
    {
      "phone": "+573154781064",
      "parameters": [
        {
          "order": 0,
          "parameter": "MEDELLIN"
        },
        {
          "order": 1,
          "parameter": "2025-09-10"
        },
        {
          "order": 2,
          "parameter": "MSO948"
        },
        {
          "order": 3,
          "parameter": "C14"
        },
        {
          "order": 4,
          "parameter": "Transitar por sitios restringidos o en horas prohibidas por la autoridad competente. Además, el vehículo será inmovilizado"
        }
      ]
    },
    {
      "phone": "+573154781064",
      "parameters": [
        {
          "order": 0,
          "parameter": "MEDELLIN"
        },
        {
          "order": 1,
          "parameter": "2025-09-03"
        },
        {
          "order": 2,
          "parameter": "MSO948"
        },
        {
          "order": 3,
          "parameter": "C14"
        },
        {
          "order": 4,
          "parameter": "Transitar por sitios restringidos o en horas prohibidas por la autoridad competente. Además, el vehículo será inmovilizado"
        }
      ]
    },
    {
      "phone": "+573154781064",
      "parameters": [
        {
          "order": 0,
          "parameter": "MEDELLIN"
        },
        {
          "order": 1,
          "parameter": "2025-08-20"
        },
        {
          "order": 2,
          "parameter": "MSO948"
        },
        {
          "order": 3,
          "parameter": "C14"
        },
        {
          "order": 4,
          "parameter": "Transitar por sitios restringidos o en horas prohibidas por la autoridad competente. Además, el vehículo será inmovilizado"
        }
      ]
    },
    {
      "phone": "+573154781064",
      "parameters": [
        {
          "order": 0,
          "parameter": "MEDELLIN"
        },
        {
          "order": 1,
          "parameter": "2025-08-13"
        },
        {
          "order": 2,
          "parameter": "MSO948"
        },
        {
          "order": 3,
          "parameter": "C14"
        },
        {
          "order": 4,
          "parameter": "Transitar por sitios restringidos o en horas prohibidas por la autoridad competente. Además, el vehículo será inmovilizado"
        }
      ]
    },
    {
      "phone": "+573117619376",
      "parameters": [
        {
          "order": 0,
          "parameter": "MEDELLIN"
        },
        {
          "order": 1,
          "parameter": "2025-09-23"
        },
        {
          "order": 2,
          "parameter": "NHL057"
        },
        {
          "order": 3,
          "parameter": "C14"
        },
        {
          "order": 4,
          "parameter": "Transitar por sitios restringidos o en horas prohibidas por la autoridad competente. Además, el vehículo será inmovilizado"
        }
      ]
    },
    {
      "phone": "+573143289793",
      "parameters": [
        {
          "order": 0,
          "parameter": "MEDELLIN"
        },
        {
          "order": 1,
          "parameter": "2025-09-22"
        },
        {
          "order": 2,
          "parameter": "JQU783"
        },
        {
          "order": 3,
          "parameter": "C02"
        },
        {
          "order": 4,
          "parameter": "Estacionar un vehículo en sitios prohibidos"
        }
      ]
    }
  ],
  "SaveInfo": false,
  "origin": "API",
  "templateName": "notificacion_comparendos",
  "language": "ES",
  "sender": "School Center",
  "ParametersName": []
}
[2025-09-26 05:05:04] Enviando 8 templates.
[2025-09-26 05:05:04] Respuesta del envío: True - 
Fin del proceso: [2025-09-26 05:05:04]
