/home/comparendos/venv/lib/python3.10/site-packages/urllib3/connectionpool.py:1097: InsecureRequestWarning: Unverified HTTPS request is being made to host 'serviciosdigitales.movilidadavanzadabello.com.co'. Adding certificate verification is strongly advised. See: https://urllib3.readthedocs.io/en/latest/advanced-usage.html#tls-warnings
  warnings.warn(
/home/comparendos/venv/lib/python3.10/site-packages/urllib3/connectionpool.py:1097: InsecureRequestWarning: Unverified HTTPS request is being made to host 'serviciosdigitales.movilidadavanzadabello.com.co'. Adding certificate verification is strongly advised. See: https://urllib3.readthedocs.io/en/latest/advanced-usage.html#tls-warnings
  warnings.warn(
/home/comparendos/venv/lib/python3.10/site-packages/urllib3/connectionpool.py:1097: InsecureRequestWarning: Unverified HTTPS request is being made to host 'serviciosdigitales.movilidadavanzadabello.com.co'. Adding certificate verification is strongly advised. See: https://urllib3.readthedocs.io/en/latest/advanced-usage.html#tls-warnings
  warnings.warn(
/home/comparendos/venv/lib/python3.10/site-packages/urllib3/connectionpool.py:1097: InsecureRequestWarning: Unverified HTTPS request is being made to host 'serviciosdigitales.movilidadavanzadabello.com.co'. Adding certificate verification is strongly advised. See: https://urllib3.readthedocs.io/en/latest/advanced-usage.html#tls-warnings
  warnings.warn(
/home/comparendos/venv/lib/python3.10/site-packages/urllib3/connectionpool.py:1097: InsecureRequestWarning: Unverified HTTPS request is being made to host 'serviciosdigitales.movilidadavanzadabello.com.co'. Adding certificate verification is strongly advised. See: https://urllib3.readthedocs.io/en/latest/advanced-usage.html#tls-warnings
  warnings.warn(
/home/comparendos/venv/lib/python3.10/site-packages/urllib3/connectionpool.py:1097: InsecureRequestWarning: Unverified HTTPS request is being made to host 'serviciosdigitales.movilidadavanzadabello.com.co'. Adding certificate verification is strongly advised. See: https://urllib3.readthedocs.io/en/latest/advanced-usage.html#tls-warnings
  warnings.warn(
/home/comparendos/venv/lib/python3.10/site-packages/urllib3/connectionpool.py:1097: InsecureRequestWarning: Unverified HTTPS request is being made to host 'serviciosdigitales.movilidadavanzadabello.com.co'. Adding certificate verification is strongly advised. See: https://urllib3.readthedocs.io/en/latest/advanced-usage.html#tls-warnings
  warnings.warn(
/home/comparendos/venv/lib/python3.10/site-packages/urllib3/connectionpool.py:1097: InsecureRequestWarning: Unverified HTTPS request is being made to host 'serviciosdigitales.movilidadavanzadabello.com.co'. Adding certificate verification is strongly advised. See: https://urllib3.readthedocs.io/en/latest/advanced-usage.html#tls-warnings
  warnings.warn(
/home/comparendos/venv/lib/python3.10/site-packages/urllib3/connectionpool.py:1097: InsecureRequestWarning: Unverified HTTPS request is being made to host 'serviciosdigitales.movilidadavanzadabello.com.co'. Adding certificate verification is strongly advised. See: https://urllib3.readthedocs.io/en/latest/advanced-usage.html#tls-warnings
  warnings.warn(
/home/comparendos/venv/lib/python3.10/site-packages/urllib3/connectionpool.py:1097: InsecureRequestWarning: Unverified HTTPS request is being made to host 'serviciosdigitales.movilidadavanzadabello.com.co'. Adding certificate verification is strongly advised. See: https://urllib3.readthedocs.io/en/latest/advanced-usage.html#tls-warnings
  warnings.warn(
/home/comparendos/venv/lib/python3.10/site-packages/urllib3/connectionpool.py:1097: InsecureRequestWarning: Unverified HTTPS request is being made to host 'serviciosdigitales.movilidadavanzadabello.com.co'. Adding certificate verification is strongly advised. See: https://urllib3.readthedocs.io/en/latest/advanced-usage.html#tls-warnings
  warnings.warn(
/home/comparendos/venv/lib/python3.10/site-packages/urllib3/connectionpool.py:1097: InsecureRequestWarning: Unverified HTTPS request is being made to host 'serviciosdigitales.movilidadavanzadabello.com.co'. Adding certificate verification is strongly advised. See: https://urllib3.readthedocs.io/en/latest/advanced-usage.html#tls-warnings
  warnings.warn(
/home/comparendos/venv/lib/python3.10/site-packages/urllib3/connectionpool.py:1097: InsecureRequestWarning: Unverified HTTPS request is being made to host 'serviciosdigitales.movilidadavanzadabello.com.co'. Adding certificate verification is strongly advised. See: https://urllib3.readthedocs.io/en/latest/advanced-usage.html#tls-warnings
  warnings.warn(
/home/comparendos/venv/lib/python3.10/site-packages/urllib3/connectionpool.py:1097: InsecureRequestWarning: Unverified HTTPS request is being made to host 'serviciosdigitales.movilidadavanzadabello.com.co'. Adding certificate verification is strongly advised. See: https://urllib3.readthedocs.io/en/latest/advanced-usage.html#tls-warnings
  warnings.warn(
/home/comparendos/venv/lib/python3.10/site-packages/urllib3/connectionpool.py:1097: InsecureRequestWarning: Unverified HTTPS request is being made to host 'serviciosdigitales.movilidadavanzadabello.com.co'. Adding certificate verification is strongly advised. See: https://urllib3.readthedocs.io/en/latest/advanced-usage.html#tls-warnings
  warnings.warn(
/home/comparendos/venv/lib/python3.10/site-packages/urllib3/connectionpool.py:1097: InsecureRequestWarning: Unverified HTTPS request is being made to host 'serviciosdigitales.movilidadavanzadabello.com.co'. Adding certificate verification is strongly advised. See: https://urllib3.readthedocs.io/en/latest/advanced-usage.html#tls-warnings
  warnings.warn(
/home/comparendos/venv/lib/python3.10/site-packages/urllib3/connectionpool.py:1097: InsecureRequestWarning: Unverified HTTPS request is being made to host 'serviciosdigitales.movilidadavanzadabello.com.co'. Adding certificate verification is strongly advised. See: https://urllib3.readthedocs.io/en/latest/advanced-usage.html#tls-warnings
  warnings.warn(
/home/comparendos/venv/lib/python3.10/site-packages/urllib3/connectionpool.py:1097: InsecureRequestWarning: Unverified HTTPS request is being made to host 'serviciosdigitales.movilidadavanzadabello.com.co'. Adding certificate verification is strongly advised. See: https://urllib3.readthedocs.io/en/latest/advanced-usage.html#tls-warnings
  warnings.warn(
/home/comparendos/venv/lib/python3.10/site-packages/urllib3/connectionpool.py:1097: InsecureRequestWarning: Unverified HTTPS request is being made to host 'serviciosdigitales.movilidadavanzadabello.com.co'. Adding certificate verification is strongly advised. See: https://urllib3.readthedocs.io/en/latest/advanced-usage.html#tls-warnings
  warnings.warn(
/home/comparendos/venv/lib/python3.10/site-packages/urllib3/connectionpool.py:1097: InsecureRequestWarning: Unverified HTTPS request is being made to host 'serviciosdigitales.movilidadavanzadabello.com.co'. Adding certificate verification is strongly advised. See: https://urllib3.readthedocs.io/en/latest/advanced-usage.html#tls-warnings
  warnings.warn(
/home/comparendos/venv/lib/python3.10/site-packages/urllib3/connectionpool.py:1097: InsecureRequestWarning: Unverified HTTPS request is being made to host 'serviciosdigitales.movilidadavanzadabello.com.co'. Adding certificate verification is strongly advised. See: https://urllib3.readthedocs.io/en/latest/advanced-usage.html#tls-warnings
  warnings.warn(
/home/comparendos/venv/lib/python3.10/site-packages/urllib3/connectionpool.py:1097: InsecureRequestWarning: Unverified HTTPS request is being made to host 'serviciosdigitales.movilidadavanzadabello.com.co'. Adding certificate verification is strongly advised. See: https://urllib3.readthedocs.io/en/latest/advanced-usage.html#tls-warnings
  warnings.warn(
/home/comparendos/venv/lib/python3.10/site-packages/urllib3/connectionpool.py:1097: InsecureRequestWarning: Unverified HTTPS request is being made to host 'serviciosdigitales.movilidadavanzadabello.com.co'. Adding certificate verification is strongly advised. See: https://urllib3.readthedocs.io/en/latest/advanced-usage.html#tls-warnings
  warnings.warn(
/home/comparendos/venv/lib/python3.10/site-packages/urllib3/connectionpool.py:1097: InsecureRequestWarning: Unverified HTTPS request is being made to host 'serviciosdigitales.movilidadavanzadabello.com.co'. Adding certificate verification is strongly advised. See: https://urllib3.readthedocs.io/en/latest/advanced-usage.html#tls-warnings
  warnings.warn(
/home/comparendos/venv/lib/python3.10/site-packages/urllib3/connectionpool.py:1097: InsecureRequestWarning: Unverified HTTPS request is being made to host 'serviciosdigitales.movilidadavanzadabello.com.co'. Adding certificate verification is strongly advised. See: https://urllib3.readthedocs.io/en/latest/advanced-usage.html#tls-warnings
  warnings.warn(
Inicio del proceso: [2025-09-30 05:00:04]
Error en consulta_info_home_public para ITAGUI: HTTPSConnectionPool(host='movilidad.transitoitagui.gov.co', port=443): Read timed out. (read timeout=30)
Error en ITAGUI: 'NoneType' object has no attribute 'json'
[2025-09-30 05:05:36] Enviando 12 templates para el bloque (process_template_id: u58Blrdcrved)
Payload para el envío u58Blrdcrved:
{
  "users": [
    {
      "phone": "+573122971688",
      "parameters": [
        {
          "order": 0,
          "parameter": "MEDELLIN"
        },
        {
          "order": 1,
          "parameter": "2025-09-12"
        },
        {
          "order": 2,
          "parameter": "GEP412"
        },
        {
          "order": 3,
          "parameter": "C35"
        },
        {
          "order": 4,
          "parameter": "No realizar la revisión técnico-mecánica en el plazo legal establecido o cuando el vehículo no se encuentre en adecuadas condiciones técnico-mecánicas o de emisiones contaminantes, aun cuando porte los certificados correspondientes, además el vehículo será inmovilizado."
        }
      ]
    },
    {
      "phone": "+573212284373",
      "parameters": [
        {
          "order": 0,
          "parameter": "MEDELLIN"
        },
        {
          "order": 1,
          "parameter": "2025-09-17"
        },
        {
          "order": 2,
          "parameter": "GLU557"
        },
        {
          "order": 3,
          "parameter": "C35"
        },
        {
          "order": 4,
          "parameter": "No realizar la revisión técnico-mecánica en el plazo legal establecido o cuando el vehículo no se encuentre en adecuadas condiciones técnico-mecánicas o de emisiones contaminantes, aun cuando porte los certificados correspondientes, además el vehículo será inmovilizado."
        }
      ]
    },
    {
      "phone": "+573212284373",
      "parameters": [
        {
          "order": 0,
          "parameter": "MEDELLIN"
        },
        {
          "order": 1,
          "parameter": "2025-08-23"
        },
        {
          "order": 2,
          "parameter": "GLU557"
        },
        {
          "order": 3,
          "parameter": "C29"
        },
        {
          "order": 4,
          "parameter": "Conducir un vehículo a velocidad superior a la máxima permitida"
        }
      ]
    },
    {
      "phone": "+573212284373",
      "parameters": [
        {
          "order": 0,
          "parameter": "SABANETA"
        },
        {
          "order": 1,
          "parameter": "2025-09-17"
        },
        {
          "order": 2,
          "parameter": "GLU557"
        },
        {
          "order": 3,
          "parameter": "C35"
        },
        {
          "order": 4,
          "parameter": "No realizar la revisión técnico-mecánica y de emisiones contaminantes en los siguientes plazos o cuando aun portando los certificados correspondientes no cuenta con las siguientes condiciones técnico mecánica y de emisiones contaminantes, además el vehículo será inmovilizado"
        }
      ]
    },
    {
      "phone": "+573044782589",
      "parameters": [
        {
          "order": 0,
          "parameter": "MEDELLIN"
        },
        {
          "order": 1,
          "parameter": "2025-09-16"
        },
        {
          "order": 2,
          "parameter": "GIK833"
        },
        {
          "order": 3,
          "parameter": "C35"
        },
        {
          "order": 4,
          "parameter": "No realizar la revisión técnico-mecánica en el plazo legal establecido o cuando el vehículo no se encuentre en adecuadas condiciones técnico-mecánicas o de emisiones contaminantes, aun cuando porte los certificados correspondientes, además el vehículo será inmovilizado."
        }
      ]
    },
    {
      "phone": "+573177435882",
      "parameters": [
        {
          "order": 0,
          "parameter": "MEDELLIN"
        },
        {
          "order": 1,
          "parameter": "2025-06-09"
        },
        {
          "order": 2,
          "parameter": "JPU557"
        },
        {
          "order": 3,
          "parameter": "C29"
        },
        {
          "order": 4,
          "parameter": "Conducir un vehículo a velocidad superior a la máxima permitida"
        }
      ]
    },
    {
      "phone": "+573108104740",
      "parameters": [
        {
          "order": 0,
          "parameter": "MEDELLIN"
        },
        {
          "order": 1,
          "parameter": "2025-09-16"
        },
        {
          "order": 2,
          "parameter": "LFO128"
        },
        {
          "order": 3,
          "parameter": "C29"
        },
        {
          "order": 4,
          "parameter": "Conducir un vehículo a velocidad superior a la máxima permitida"
        }
      ]
    },
    {
      "phone": "+573216380934",
      "parameters": [
        {
          "order": 0,
          "parameter": "ITAGUI"
        },
        {
          "order": 1,
          "parameter": "2025-09-10"
        },
        {
          "order": 2,
          "parameter": "JOP954"
        },
        {
          "order": 3,
          "parameter": "C35"
        },
        {
          "order": 4,
          "parameter": "No realizar la revisión técnico-mecánica y de emisiones contaminantes en los siguientes plazos o cuando aun portando los certificados correspondientes no cuenta con las siguientes condiciones técnico mecánica y de emisiones contaminantes, además el vehículo será inmovilizado"
        }
      ]
    },
    {
      "phone": "+573216380934",
      "parameters": [
        {
          "order": 0,
          "parameter": "MEDELLIN"
        },
        {
          "order": 1,
          "parameter": "2025-09-11"
        },
        {
          "order": 2,
          "parameter": "JOP954"
        },
        {
          "order": 3,
          "parameter": "C35"
        },
        {
          "order": 4,
          "parameter": "No realizar la revisión técnico-mecánica en el plazo legal establecido o cuando el vehículo no se encuentre en adecuadas condiciones técnico-mecánicas o de emisiones contaminantes, aun cuando porte los certificados correspondientes, además el vehículo será inmovilizado."
        }
      ]
    },
    {
      "phone": "+573216380934",
      "parameters": [
        {
          "order": 0,
          "parameter": "MEDELLIN"
        },
        {
          "order": 1,
          "parameter": "2025-08-31"
        },
        {
          "order": 2,
          "parameter": "JOP954"
        },
        {
          "order": 3,
          "parameter": "C35"
        },
        {
          "order": 4,
          "parameter": "No realizar la revisión técnico-mecánica en el plazo legal establecido o cuando el vehículo no se encuentre en adecuadas condiciones técnico-mecánicas o de emisiones contaminantes, aun cuando porte los certificados correspondientes, además el vehículo será inmovilizado."
        }
      ]
    },
    {
      "phone": "+573216380934",
      "parameters": [
        {
          "order": 0,
          "parameter": "MEDELLIN"
        },
        {
          "order": 1,
          "parameter": "2025-08-19"
        },
        {
          "order": 2,
          "parameter": "JOP954"
        },
        {
          "order": 3,
          "parameter": "C35"
        },
        {
          "order": 4,
          "parameter": "No realizar la revisión técnico-mecánica en el plazo legal establecido o cuando el vehículo no se encuentre en adecuadas condiciones técnico-mecánicas o de emisiones contaminantes, aun cuando porte los certificados correspondientes, además el vehículo será inmovilizado."
        }
      ]
    },
    {
      "phone": "+573216380934",
      "parameters": [
        {
          "order": 0,
          "parameter": "MEDELLIN"
        },
        {
          "order": 1,
          "parameter": "2025-08-01"
        },
        {
          "order": 2,
          "parameter": "JOP954"
        },
        {
          "order": 3,
          "parameter": "C35"
        },
        {
          "order": 4,
          "parameter": "No realizar la revisión técnico-mecánica en el plazo legal establecido o cuando el vehículo no se encuentre en adecuadas condiciones técnico-mecánicas o de emisiones contaminantes, aun cuando porte los certificados correspondientes, además el vehículo será inmovilizado."
        }
      ]
    }
  ],
  "SaveInfo": false,
  "origin": "API",
  "templateName": "notificacion_comparendos",
  "language": "ES",
  "sender": "School Center",
  "ParametersName": []
}
[2025-09-30 05:05:46] Enviando 12 templates.
[2025-09-30 05:05:46] Respuesta del envío: True - 
Fin del proceso: [2025-09-30 05:05:46]
